18:28:26.406  INFO  manager.ApplicationManager - All tests start in Chrome Browser
18:28:33.586  INFO  manager.ApplicationManager - Current Url -->https://telranedu.web.app/home
18:28:33.615  INFO  tests.TestBase - The name of starts method is --->registrationWrongPassword
18:28:33.617  INFO  manager.ListenerWD - Before find elements --> By.xpath: //button[text()='Sign Out']
18:28:38.681  INFO  manager.ListenerWD - After find elements --> By.xpath: //button[text()='Sign Out']
18:28:38.681  INFO  manager.ListenerWD - List suze is --> 0
18:28:38.697  INFO  manager.ListenerWD - Before find element --> By.cssSelector: a[href='/login']
18:28:38.728  INFO  manager.ListenerWD - After find element --> By.cssSelector: a[href='/login']
18:28:38.760  INFO  manager.ListenerWD - Before find element --> By.cssSelector: a[href='/login']
18:28:38.791  INFO  manager.ListenerWD - After find element --> By.cssSelector: a[href='/login']
18:28:38.837  INFO  manager.ListenerWD - Before find element --> By.name: email
18:28:38.856  INFO  manager.ListenerWD - After find element --> By.name: email
18:28:38.984  INFO  manager.ListenerWD - Before find element --> By.name: password
18:28:39.003  INFO  manager.ListenerWD - After find element --> By.name: password
18:28:39.104  INFO  manager.ListenerWD - Before find element --> By.cssSelector: [name='registration']
18:28:39.119  INFO  manager.ListenerWD - After find element --> By.cssSelector: [name='registration']
18:28:44.191  INFO  manager.ListenerWD - The have a 'problem'
18:28:44.191  INFO  manager.ListenerWD - ******************
18:28:44.191  INFO  manager.ListenerWD - Method method ---> alert
18:28:44.191  INFO  manager.ListenerWD - ******************
18:28:44.191  INFO  manager.ListenerWD - InvocationTargetException getTargetException()org.openqa.selenium.NoAlertPresentException: no such alert
  (Session info: chrome=110.0.5481.77)
Build info: version: '4.7.1', revision: 'c6795baf1a3'
System info: os.name: 'Windows 11', os.arch: 'amd64', os.version: '10.0', java.version: '11.0.17'
Driver info: org.openqa.selenium.chrome.ChromeDriver
Command: [0e5ff5111d64fc4d2093c576818e3b8d, getAlertText {}]
Capabilities {acceptInsecureCerts: false, browserName: chrome, browserVersion: 110.0.5481.77, chrome: {chromedriverVersion: 109.0.5414.74 (e7c5703604da..., userDataDir: C:\Users\eduar\AppData\Loca...}, goog:chromeOptions: {debuggerAddress: localhost:60402}, networkConnectionEnabled: false, pageLoadStrategy: normal, platformName: WINDOWS, proxy: Proxy(), se:cdp: ws://localhost:60402/devtoo..., se:cdpVersion: 110.0.5481.77, setWindowRect: true, strictFileInteractability: false, timeouts: {implicit: 0, pageLoad: 300000, script: 30000}, unhandledPromptBehavior: dismiss and notify, webauthn:extension:credBlob: true, webauthn:extension:largeBlob: true, webauthn:virtualAuthenticators: true}
Session ID: 0e5ff5111d64fc4d2093c576818e3b8d
18:28:44.191  INFO  manager.ListenerWD - ******************
18:28:44.191  INFO  manager.ListenerWD - Object target --->org.openqa.selenium.remote.RemoteWebDriver$RemoteTargetLocator@76f881d9
18:28:44.191  INFO  manager.ListenerWD - ******************
18:28:44.710  INFO  manager.ListenerWD - The have a 'problem'
18:28:44.710  INFO  manager.ListenerWD - ******************
18:28:44.710  INFO  manager.ListenerWD - Method method ---> alert
18:28:44.710  INFO  manager.ListenerWD - ******************
18:28:44.710  INFO  manager.ListenerWD - InvocationTargetException getTargetException()org.openqa.selenium.NoAlertPresentException: no such alert
  (Session info: chrome=110.0.5481.77)
Build info: version: '4.7.1', revision: 'c6795baf1a3'
System info: os.name: 'Windows 11', os.arch: 'amd64', os.version: '10.0', java.version: '11.0.17'
Driver info: org.openqa.selenium.chrome.ChromeDriver
Command: [0e5ff5111d64fc4d2093c576818e3b8d, getAlertText {}]
Capabilities {acceptInsecureCerts: false, browserName: chrome, browserVersion: 110.0.5481.77, chrome: {chromedriverVersion: 109.0.5414.74 (e7c5703604da..., userDataDir: C:\Users\eduar\AppData\Loca...}, goog:chromeOptions: {debuggerAddress: localhost:60402}, networkConnectionEnabled: false, pageLoadStrategy: normal, platformName: WINDOWS, proxy: Proxy(), se:cdp: ws://localhost:60402/devtoo..., se:cdpVersion: 110.0.5481.77, setWindowRect: true, strictFileInteractability: false, timeouts: {implicit: 0, pageLoad: 300000, script: 30000}, unhandledPromptBehavior: dismiss and notify, webauthn:extension:credBlob: true, webauthn:extension:largeBlob: true, webauthn:virtualAuthenticators: true}
Session ID: 0e5ff5111d64fc4d2093c576818e3b8d
18:28:44.710  INFO  manager.ListenerWD - ******************
18:28:44.710  INFO  manager.ListenerWD - Object target --->org.openqa.selenium.remote.RemoteWebDriver$RemoteTargetLocator@13e5d243
18:28:44.710  INFO  manager.ListenerWD - ******************
18:28:45.244  INFO  manager.ListenerWD - The have a 'problem'
18:28:45.244  INFO  manager.ListenerWD - ******************
18:28:45.244  INFO  manager.ListenerWD - Method method ---> alert
18:28:45.244  INFO  manager.ListenerWD - ******************
18:28:45.244  INFO  manager.ListenerWD - InvocationTargetException getTargetException()org.openqa.selenium.NoAlertPresentException: no such alert
  (Session info: chrome=110.0.5481.77)
Build info: version: '4.7.1', revision: 'c6795baf1a3'
System info: os.name: 'Windows 11', os.arch: 'amd64', os.version: '10.0', java.version: '11.0.17'
Driver info: org.openqa.selenium.chrome.ChromeDriver
Command: [0e5ff5111d64fc4d2093c576818e3b8d, getAlertText {}]
Capabilities {acceptInsecureCerts: false, browserName: chrome, browserVersion: 110.0.5481.77, chrome: {chromedriverVersion: 109.0.5414.74 (e7c5703604da..., userDataDir: C:\Users\eduar\AppData\Loca...}, goog:chromeOptions: {debuggerAddress: localhost:60402}, networkConnectionEnabled: false, pageLoadStrategy: normal, platformName: WINDOWS, proxy: Proxy(), se:cdp: ws://localhost:60402/devtoo..., se:cdpVersion: 110.0.5481.77, setWindowRect: true, strictFileInteractability: false, timeouts: {implicit: 0, pageLoad: 300000, script: 30000}, unhandledPromptBehavior: dismiss and notify, webauthn:extension:credBlob: true, webauthn:extension:largeBlob: true, webauthn:virtualAuthenticators: true}
Session ID: 0e5ff5111d64fc4d2093c576818e3b8d
18:28:45.244  INFO  manager.ListenerWD - ******************
18:28:45.244  INFO  manager.ListenerWD - Object target --->org.openqa.selenium.remote.RemoteWebDriver$RemoteTargetLocator@12c0c0b3
18:28:45.244  INFO  manager.ListenerWD - ******************
18:28:45.779  INFO  manager.ListenerWD - The have a 'problem'
18:28:45.779  INFO  manager.ListenerWD - ******************
18:28:45.779  INFO  manager.ListenerWD - Method method ---> alert
18:28:45.779  INFO  manager.ListenerWD - ******************
18:28:45.779  INFO  manager.ListenerWD - InvocationTargetException getTargetException()org.openqa.selenium.NoAlertPresentException: no such alert
  (Session info: chrome=110.0.5481.77)
Build info: version: '4.7.1', revision: 'c6795baf1a3'
System info: os.name: 'Windows 11', os.arch: 'amd64', os.version: '10.0', java.version: '11.0.17'
Driver info: org.openqa.selenium.chrome.ChromeDriver
Command: [0e5ff5111d64fc4d2093c576818e3b8d, getAlertText {}]
Capabilities {acceptInsecureCerts: false, browserName: chrome, browserVersion: 110.0.5481.77, chrome: {chromedriverVersion: 109.0.5414.74 (e7c5703604da..., userDataDir: C:\Users\eduar\AppData\Loca...}, goog:chromeOptions: {debuggerAddress: localhost:60402}, networkConnectionEnabled: false, pageLoadStrategy: normal, platformName: WINDOWS, proxy: Proxy(), se:cdp: ws://localhost:60402/devtoo..., se:cdpVersion: 110.0.5481.77, setWindowRect: true, strictFileInteractability: false, timeouts: {implicit: 0, pageLoad: 300000, script: 30000}, unhandledPromptBehavior: dismiss and notify, webauthn:extension:credBlob: true, webauthn:extension:largeBlob: true, webauthn:virtualAuthenticators: true}
Session ID: 0e5ff5111d64fc4d2093c576818e3b8d
18:28:45.779  INFO  manager.ListenerWD - ******************
18:28:45.779  INFO  manager.ListenerWD - Object target --->org.openqa.selenium.remote.RemoteWebDriver$RemoteTargetLocator@5dcd0cdf
18:28:45.779  INFO  manager.ListenerWD - ******************
